<?xml version="1.0" encoding="UTF-8"?>
<!-- Generated by org.testng.reporters.JUnitReportReporter -->
<testsuite hostname="Diya" failures="0" tests="5" name="testScript.LoginTest" time="23.657" errors="0" timestamp="2025-02-20T09:45:09 EST" skipped="0">
  <testcase classname="testScript.LoginTest" name="userLoginWithValidUsernameAndPassword" time="5.524"/>
  <system-out/>
  <testcase classname="testScript.LoginTest" name="userLoginWithInvalidUsernameAndInvalidPassword" time="5.107"/>
  <system-out/>
  <testcase classname="testScript.LoginTest" name="userLoginWithInvalidUsernameAndInvalidPassword" time="4.362"/>
  <system-out/>
  <testcase classname="testScript.LoginTest" name="userLoginWithInvalidUsernameAndvalidPassword" time="4.386"/>
  <system-out/>
  <testcase classname="testScript.LoginTest" name="userLoginWithValidUsernameAndInvalidPassword" time="4.278"/>
  <system-out/>
</testsuite> <!-- testScript.LoginTest -->
