<?xml version="1.0" encoding="UTF-8"?>
<!-- Generated by org.testng.reporters.JUnitReportReporter -->
<testsuite hostname="Diya" failures="0" tests="1" name="testScript.ManageNewsTest" time="7.459" errors="0" timestamp="2025-02-20T09:45:09 EST" skipped="0">
  <testcase classname="testScript.ManageNewsTest" name="addingNewNewsOnMangeNews" time="7.459"/>
  <system-out/>
</testsuite> <!-- testScript.ManageNewsTest -->
