<?xml version="1.0" encoding="UTF-8"?>
<!-- Generated by org.testng.reporters.JUnitReportReporter -->
<testsuite hostname="Diya" failures="0" tests="1" name="testScript.CategoryTest" time="13.497" errors="0" timestamp="2025-02-20T12:11:51 EST" skipped="0">
  <testcase classname="testScript.CategoryTest" name="addNewCategoryOnListCategories" time="13.497"/>
  <system-out/>
</testsuite> <!-- testScript.CategoryTest -->
