<?xml version="1.0" encoding="UTF-8"?>
<!-- Generated by org.testng.reporters.JUnitReportReporter -->
<testsuite hostname="Diya" failures="0" tests="2" name="testScript.SubCategoryTest" time="17.749" errors="0" timestamp="2025-02-20T09:45:09 EST" skipped="0">
  <testcase classname="testScript.SubCategoryTest" name="resetTheSubCategoryPage" time="6.289"/>
  <system-out/>
  <testcase classname="testScript.SubCategoryTest" name="addNewSubCategoryItem" time="11.460"/>
  <system-out/>
</testsuite> <!-- testScript.SubCategoryTest -->
