<?xml version="1.0" encoding="UTF-8"?>
<!-- Generated by org.testng.reporters.JUnitReportReporter -->
<testsuite hostname="Diya" failures="0" tests="1" name="testScript.HomeTest" time="7.542" errors="0" timestamp="2025-02-20T12:23:52 EST" skipped="0">
  <testcase classname="testScript.HomeTest" name="accessOfDashboardMenuOnHomePage" time="7.542"/>
  <system-out/>
</testsuite> <!-- testScript.HomeTest -->
