<?xml version="1.0" encoding="UTF-8"?>
<!-- Generated by org.testng.reporters.JUnitReportReporter -->
<testsuite hostname="Diya" failures="0" tests="1" name="testScript.AdminUsersTest" time="8.526" errors="0" timestamp="2025-02-20T09:45:09 EST" skipped="0">
  <testcase classname="testScript.AdminUsersTest" name="addingnewUsersonManageUsers" time="8.526"/>
  <system-out/>
</testsuite> <!-- testScript.AdminUsersTest -->
